Using pre-set license
Built from '2020.2/staging' branch; Version is '2020.2.6f1 (8a2143876886) revision 9052483'; Using compiler version '192528614'; Build Type 'Release'
OS: 'Windows 10 Home; OS build 19042.867; Version 2009; 64bit' Language: 'en' Physical Memory: 49106 MB
BatchMode: 1, IsHumanControllingUs: 0, StartBugReporterOnCrash: 0, Is64bit: 1, IsPro: 0

 COMMAND LINE ARGUMENTS:
E:\Program Files\Unity Editors\2020.2.6f1\Editor\Unity.exe
-adb2
-batchMode
-noUpm
-name
AssetImportWorker0
-projectPath
D:/laure/Code/SchoolWork/comms7100/Project3/Solar system
-logFile
Logs/AssetImportWorker0.log
-srvPort
53665
Successfully changed project path to: D:/laure/Code/SchoolWork/comms7100/Project3/Solar system
D:/laure/Code/SchoolWork/comms7100/Project3/Solar system
Using Asset Import Pipeline V2.
Refreshing native plugins compatible for Editor in 21.27 ms, found 0 plugins.
Preloading 0 native plugins for Editor in 0.00 ms.
Initialize engine version: 2020.2.6f1 (8a2143876886)
[Subsystems] Discovering subsystems at path E:/Program Files/Unity Editors/2020.2.6f1/Editor/Data/Resources/UnitySubsystems
[Subsystems] Discovering subsystems at path D:/laure/Code/SchoolWork/comms7100/Project3/Solar system/Assets
GfxDevice: creating device client; threaded=0
Direct3D:
    Version:  Direct3D 11.0 [level 11.1]
    Renderer: NVIDIA GeForce GTX 1070 Ti (ID=0x1b82)
    Vendor:   
    VRAM:     8079 MB
    Driver:   27.21.14.6140
Initialize mono
Mono path[0] = 'E:/Program Files/Unity Editors/2020.2.6f1/Editor/Data/Managed'
Mono path[1] = 'E:/Program Files/Unity Editors/2020.2.6f1/Editor/Data/MonoBleedingEdge/lib/mono/unityjit'
Mono config path = 'E:/Program Files/Unity Editors/2020.2.6f1/Editor/Data/MonoBleedingEdge/etc'
Using monoOptions --debugger-agent=transport=dt_socket,embedding=1,server=y,suspend=n,address=127.0.0.1:56708
Begin MonoManager ReloadAssembly
Registering precompiled unity dll's ...
Register platform support module: E:/Program Files/Unity Editors/2020.2.6f1/Editor/Data/PlaybackEngines/WindowsStandaloneSupport/UnityEditor.WindowsStandalone.Extensions.dll
Register platform support module: E:/Program Files/Unity Editors/2020.2.6f1/Editor/Data/PlaybackEngines/LuminSupport/UnityEditor.Lumin.Extensions.dll
Registered in 0.001068 seconds.
Native extension for Lumin target not found
Native extension for WindowsStandalone target not found
Refreshing native plugins compatible for Editor in 20.63 ms, found 0 plugins.
Preloading 0 native plugins for Editor in 0.00 ms.
Invoked RoslynAnalysisRunner static constructor.
RoslynAnalysisRunner will not be running.
RoslynAnalysisRunner has terminated.
Mono: successfully reloaded assembly
- Completed reload, in  0.767 seconds
Platform modules already initialized, skipping
Registering precompiled user dll's ...
Registered in 0.000992 seconds.
Begin MonoManager ReloadAssembly
Native extension for Lumin target not found
Native extension for WindowsStandalone target not found
Refreshing native plugins compatible for Editor in 0.20 ms, found 0 plugins.
Preloading 0 native plugins for Editor in 0.00 ms.
Invoked RoslynAnalysisRunner static constructor.
RoslynAnalysisRunner will not be running.
RoslynAnalysisRunner has terminated.
Mono: successfully reloaded assembly
- Completed reload, in  0.679 seconds
Platform modules already initialized, skipping
========================================================================
Worker process is ready to serve import requests
Launched and connected shader compiler UnityShaderCompiler.exe after 0.05 seconds
Refreshing native plugins compatible for Editor in 0.23 ms, found 0 plugins.
Preloading 0 native plugins for Editor in 0.00 ms.
Unloading 1103 Unused Serialized files (Serialized files now loaded: 0)
System memory in use before: 56.6 MB.
System memory in use after: 56.7 MB.

Unloading 10 unused Assets to reduce memory usage. Loaded Objects now: 1544.
Total: 1.727900 ms (FindLiveObjects: 0.160800 ms CreateObjectMapping: 0.037800 ms MarkObjects: 1.461200 ms  DeleteObjects: 0.066800 ms)

========================================================================
Received Import Request.
  path: Assets/Scenes
  artifactKey: Guid(2fc199a35e2fe30499a4306f6f4fe237) Importer(815301076,1909f56bfc062723c751e8b465ee728b)
Start importing Assets/Scenes using Guid(2fc199a35e2fe30499a4306f6f4fe237) Importer(815301076,1909f56bfc062723c751e8b465ee728b)  -> (artifact id: '1752453703df50d1f78e9895f22a0f99') in 0.007611 seconds
  Import took 0.009404 seconds .

========================================================================
Received Prepare
Registering precompiled user dll's ...
Registered in 0.001583 seconds.
Begin MonoManager ReloadAssembly
Native extension for Lumin target not found
Native extension for WindowsStandalone target not found
Refreshing native plugins compatible for Editor in 0.28 ms, found 0 plugins.
Preloading 0 native plugins for Editor in 0.00 ms.
Invoked RoslynAnalysisRunner static constructor.
RoslynAnalysisRunner will not be running.
RoslynAnalysisRunner has terminated.
Mono: successfully reloaded assembly
- Completed reload, in  0.661 seconds
Platform modules already initialized, skipping
Refreshing native plugins compatible for Editor in 0.19 ms, found 0 plugins.
Preloading 0 native plugins for Editor in 0.00 ms.
Unloading 1112 Unused Serialized files (Serialized files now loaded: 0)
System memory in use before: 57.0 MB.
System memory in use after: 57.0 MB.

Unloading 7 unused Assets to reduce memory usage. Loaded Objects now: 1562.
Total: 1.799300 ms (FindLiveObjects: 0.197000 ms CreateObjectMapping: 0.072500 ms MarkObjects: 1.483400 ms  DeleteObjects: 0.045100 ms)

========================================================================
Received Import Request.
  Time since last request: 167.078342 seconds.
  path: Assets/Scenes/SampleScene.unity
  artifactKey: Guid(9fc0d4010bbf28b4594072e72b8655ab) Importer(815301076,1909f56bfc062723c751e8b465ee728b)
Start importing Assets/Scenes/SampleScene.unity using Guid(9fc0d4010bbf28b4594072e72b8655ab) Importer(815301076,1909f56bfc062723c751e8b465ee728b)  -> (artifact id: '6c0d96e498f3f425048f0860a2a49f78') in 0.015413 seconds
  Import took 0.017460 seconds .

========================================================================
Received Import Request.
  Time since last request: 14.647778 seconds.
  path: Assets/Scenes/SolarSystem.unity
  artifactKey: Guid(9fc0d4010bbf28b4594072e72b8655ab) Importer(815301076,1909f56bfc062723c751e8b465ee728b)
Start importing Assets/Scenes/SolarSystem.unity using Guid(9fc0d4010bbf28b4594072e72b8655ab) Importer(815301076,1909f56bfc062723c751e8b465ee728b)  -> (artifact id: '754407bbf8d99b5faf8f65a1db6d4566') in 0.007054 seconds
  Import took 0.008833 seconds .

========================================================================
Received Import Request.
  Time since last request: 0.000434 seconds.
  path: Assets/Scenes/SolarSystem.unity
  artifactKey: Guid(9fc0d4010bbf28b4594072e72b8655ab) Importer(815301076,1909f56bfc062723c751e8b465ee728b)
Start importing Assets/Scenes/SolarSystem.unity using Guid(9fc0d4010bbf28b4594072e72b8655ab) Importer(815301076,1909f56bfc062723c751e8b465ee728b)  -> (artifact id: '754407bbf8d99b5faf8f65a1db6d4566') in 0.002874 seconds
  Import took 0.004935 seconds .

========================================================================
Received Import Request.
  Time since last request: 118.547103 seconds.
  path: Assets/scripts
  artifactKey: Guid(0d4ec0179c5379e44ab50235d5b268ee) Importer(815301076,1909f56bfc062723c751e8b465ee728b)
Start importing Assets/scripts using Guid(0d4ec0179c5379e44ab50235d5b268ee) Importer(815301076,1909f56bfc062723c751e8b465ee728b)  -> (artifact id: '4b1f660ae584ed9f8d5129cbdff91ff0') in 0.006067 seconds
  Import took 0.007791 seconds .

========================================================================
Received Import Request.
  Time since last request: 13.843686 seconds.
  path: Assets/scripts/Logic.cs
  artifactKey: Guid(00c0ec88b430df94eb60a103f021c6f0) Importer(815301076,1909f56bfc062723c751e8b465ee728b)
Start importing Assets/scripts/Logic.cs using Guid(00c0ec88b430df94eb60a103f021c6f0) Importer(815301076,1909f56bfc062723c751e8b465ee728b)  -> (artifact id: '6c372836ec7a3aa219c04476afcd5e31') in 0.112877 seconds
  Import took 0.114616 seconds .

========================================================================
Received Prepare
Registering precompiled user dll's ...
Registered in 0.001505 seconds.
Begin MonoManager ReloadAssembly
Native extension for Lumin target not found
Native extension for WindowsStandalone target not found
Refreshing native plugins compatible for Editor in 0.24 ms, found 0 plugins.
Preloading 0 native plugins for Editor in 0.00 ms.
Invoked RoslynAnalysisRunner static constructor.
RoslynAnalysisRunner will not be running.
RoslynAnalysisRunner has terminated.
Mono: successfully reloaded assembly
- Completed reload, in  0.634 seconds
Platform modules already initialized, skipping
Refreshing native plugins compatible for Editor in 0.20 ms, found 0 plugins.
Preloading 0 native plugins for Editor in 0.00 ms.
Unloading 1113 Unused Serialized files (Serialized files now loaded: 0)
System memory in use before: 57.0 MB.
System memory in use after: 57.1 MB.

Unloading 7 unused Assets to reduce memory usage. Loaded Objects now: 1565.
Total: 1.613100 ms (FindLiveObjects: 0.140400 ms CreateObjectMapping: 0.043300 ms MarkObjects: 1.383000 ms  DeleteObjects: 0.044900 ms)

========================================================================
Received Prepare
Registering precompiled user dll's ...
Registered in 0.001774 seconds.
Begin MonoManager ReloadAssembly
Native extension for Lumin target not found
Native extension for WindowsStandalone target not found
Refreshing native plugins compatible for Editor in 0.21 ms, found 0 plugins.
Preloading 0 native plugins for Editor in 0.00 ms.
Invoked RoslynAnalysisRunner static constructor.
RoslynAnalysisRunner will not be running.
RoslynAnalysisRunner has terminated.
Mono: successfully reloaded assembly
- Completed reload, in  0.632 seconds
Platform modules already initialized, skipping
Refreshing native plugins compatible for Editor in 0.19 ms, found 0 plugins.
Preloading 0 native plugins for Editor in 0.00 ms.
Unloading 1113 Unused Serialized files (Serialized files now loaded: 0)
System memory in use before: 57.0 MB.
System memory in use after: 57.1 MB.

Unloading 7 unused Assets to reduce memory usage. Loaded Objects now: 1567.
Total: 1.698500 ms (FindLiveObjects: 0.304400 ms CreateObjectMapping: 0.043600 ms MarkObjects: 1.283200 ms  DeleteObjects: 0.052700 ms)

========================================================================
Received Import Request.
  Time since last request: 402.962146 seconds.
  path: Assets/scripts/Logic.cs
  artifactKey: Guid(00c0ec88b430df94eb60a103f021c6f0) Importer(815301076,1909f56bfc062723c751e8b465ee728b)
Start importing Assets/scripts/Logic.cs using Guid(00c0ec88b430df94eb60a103f021c6f0) Importer(815301076,1909f56bfc062723c751e8b465ee728b)  -> (artifact id: '82f8927906dfb216f8c851677ffdb137') in 0.004437 seconds
  Import took 0.006120 seconds .

========================================================================
Received Import Request.
  Time since last request: 75.505123 seconds.
  path: Assets/JSON Bridge/Examples/Solar System Example
  artifactKey: Guid(7866a5688b8cefe48a35d8a59f79596f) Importer(815301076,1909f56bfc062723c751e8b465ee728b)
Start importing Assets/JSON Bridge/Examples/Solar System Example using Guid(7866a5688b8cefe48a35d8a59f79596f) Importer(815301076,1909f56bfc062723c751e8b465ee728b)  -> (artifact id: 'a48ef73b1433de2242e034be0f9c08d8') in 0.007834 seconds
  Import took 0.009815 seconds .

========================================================================
Received Prepare
Registering precompiled user dll's ...
Registered in 0.001560 seconds.
Begin MonoManager ReloadAssembly
Native extension for Lumin target not found
Native extension for WindowsStandalone target not found
Refreshing native plugins compatible for Editor in 0.20 ms, found 0 plugins.
Preloading 0 native plugins for Editor in 0.00 ms.
Invoked RoslynAnalysisRunner static constructor.
RoslynAnalysisRunner will not be running.
RoslynAnalysisRunner has terminated.
Mono: successfully reloaded assembly
- Completed reload, in  0.629 seconds
Platform modules already initialized, skipping
Refreshing native plugins compatible for Editor in 0.30 ms, found 0 plugins.
Preloading 0 native plugins for Editor in 0.00 ms.
Unloading 1120 Unused Serialized files (Serialized files now loaded: 0)
System memory in use before: 57.2 MB.
System memory in use after: 57.3 MB.

Unloading 7 unused Assets to reduce memory usage. Loaded Objects now: 1576.
Total: 1.883800 ms (FindLiveObjects: 0.214800 ms CreateObjectMapping: 0.057100 ms MarkObjects: 1.564100 ms  DeleteObjects: 0.046600 ms)

========================================================================
Received Import Request.
  Time since last request: 179.468408 seconds.
  path: Assets/JSON Bridge/Scripts/ComponentName.cs
  artifactKey: Guid(8c3bf0b1ffd137141ad64f290d1f52ca) Importer(815301076,1909f56bfc062723c751e8b465ee728b)
Start importing Assets/JSON Bridge/Scripts/ComponentName.cs using Guid(8c3bf0b1ffd137141ad64f290d1f52ca) Importer(815301076,1909f56bfc062723c751e8b465ee728b)  -> (artifact id: 'a12eb9f24bc5566242a7b777cde841ca') in 0.008389 seconds
  Import took 0.010216 seconds .

========================================================================
Received Import Request.
  Time since last request: 0.855420 seconds.
  path: Assets/JSON Bridge/Scripts/ObjectInfo.cs
  artifactKey: Guid(207b356059e618447b9a61bf64865df3) Importer(815301076,1909f56bfc062723c751e8b465ee728b)
Start importing Assets/JSON Bridge/Scripts/ObjectInfo.cs using Guid(207b356059e618447b9a61bf64865df3) Importer(815301076,1909f56bfc062723c751e8b465ee728b)  -> (artifact id: 'cc229777fdd66831b7b785e7010ad533') in 0.007158 seconds
  Import took 0.008919 seconds .

========================================================================
Received Import Request.
  Time since last request: 0.001858 seconds.
  path: Assets/JSON Bridge/Scripts/ObjectInfo.cs
  artifactKey: Guid(207b356059e618447b9a61bf64865df3) Importer(815301076,1909f56bfc062723c751e8b465ee728b)
Start importing Assets/JSON Bridge/Scripts/ObjectInfo.cs using Guid(207b356059e618447b9a61bf64865df3) Importer(815301076,1909f56bfc062723c751e8b465ee728b)  -> (artifact id: 'cc229777fdd66831b7b785e7010ad533') in 0.002435 seconds
  Import took 0.004139 seconds .

========================================================================
Received Import Request.
  Time since last request: 0.762946 seconds.
  path: Assets/JSON Bridge/Scripts/ObjectInfoCollection.cs
  artifactKey: Guid(c27754f421054d94591f58f606e273cb) Importer(815301076,1909f56bfc062723c751e8b465ee728b)
Start importing Assets/JSON Bridge/Scripts/ObjectInfoCollection.cs using Guid(c27754f421054d94591f58f606e273cb) Importer(815301076,1909f56bfc062723c751e8b465ee728b)  -> (artifact id: '0a2494d40c44d8e653e2762ccc623aac') in 0.006049 seconds
  Import took 0.007926 seconds .

========================================================================
Received Import Request.
  Time since last request: 277.989730 seconds.
  path: Assets/JSON Bridge/Examples
  artifactKey: Guid(f85fb02c9b07a6d429cb774eebae2915) Importer(815301076,1909f56bfc062723c751e8b465ee728b)
Start importing Assets/JSON Bridge/Examples using Guid(f85fb02c9b07a6d429cb774eebae2915) Importer(815301076,1909f56bfc062723c751e8b465ee728b)  -> (artifact id: '3b22c19a8fd18afb8960e9bb0f719b8e') in 0.007407 seconds
  Import took 0.009550 seconds .

========================================================================
Received Import Request.
  Time since last request: 1.405631 seconds.
  path: Assets/JSON Bridge/Examples/Example
  artifactKey: Guid(cfb725a142983444fb4a8ce6cd40797a) Importer(815301076,1909f56bfc062723c751e8b465ee728b)
Start importing Assets/JSON Bridge/Examples/Example using Guid(cfb725a142983444fb4a8ce6cd40797a) Importer(815301076,1909f56bfc062723c751e8b465ee728b)  -> (artifact id: '0b757aa79c2176a82bf240a0774faee2') in 0.006967 seconds
  Import took 0.008767 seconds .

========================================================================
Received Import Request.
  Time since last request: 2.564785 seconds.
  path: Assets/JSON Bridge/Examples/Example/JSON General Example.unity
  artifactKey: Guid(b10a07c061ee5e54990576c7c90411f7) Importer(815301076,1909f56bfc062723c751e8b465ee728b)
Start importing Assets/JSON Bridge/Examples/Example/JSON General Example.unity using Guid(b10a07c061ee5e54990576c7c90411f7) Importer(815301076,1909f56bfc062723c751e8b465ee728b)  -> (artifact id: '45ce74621ca2264d6ca8057b8a188dbe') in 0.013342 seconds
  Import took 0.015093 seconds .

========================================================================
Received Prepare
Registering precompiled user dll's ...
Registered in 0.001662 seconds.
Begin MonoManager ReloadAssembly
Native extension for Lumin target not found
Native extension for WindowsStandalone target not found
Refreshing native plugins compatible for Editor in 0.21 ms, found 0 plugins.
Preloading 0 native plugins for Editor in 0.00 ms.
Invoked RoslynAnalysisRunner static constructor.
RoslynAnalysisRunner will not be running.
RoslynAnalysisRunner has terminated.
Mono: successfully reloaded assembly
- Completed reload, in  0.630 seconds
Platform modules already initialized, skipping
Refreshing native plugins compatible for Editor in 0.21 ms, found 0 plugins.
Preloading 0 native plugins for Editor in 0.00 ms.
Unloading 1120 Unused Serialized files (Serialized files now loaded: 0)
System memory in use before: 57.2 MB.
System memory in use after: 57.3 MB.

Unloading 7 unused Assets to reduce memory usage. Loaded Objects now: 1578.
Total: 1.731600 ms (FindLiveObjects: 0.162800 ms CreateObjectMapping: 0.031700 ms MarkObjects: 1.487500 ms  DeleteObjects: 0.048400 ms)

========================================================================
Received Import Request.
  Time since last request: 58.081058 seconds.
  path: Assets/JSON Bridge
  artifactKey: Guid(90d1290c57f59b54faa8676ba09d3bf4) Importer(815301076,1909f56bfc062723c751e8b465ee728b)
Start importing Assets/JSON Bridge using Guid(90d1290c57f59b54faa8676ba09d3bf4) Importer(815301076,1909f56bfc062723c751e8b465ee728b)  -> (artifact id: '73929753a26a51e1439b16d066973f20') in 0.008172 seconds
  Import took 0.009915 seconds .

========================================================================
Received Import Request.
  Time since last request: 0.002991 seconds.
  path: Assets/JSON Bridge
  artifactKey: Guid(90d1290c57f59b54faa8676ba09d3bf4) Importer(815301076,1909f56bfc062723c751e8b465ee728b)
Start importing Assets/JSON Bridge using Guid(90d1290c57f59b54faa8676ba09d3bf4) Importer(815301076,1909f56bfc062723c751e8b465ee728b)  -> (artifact id: '73929753a26a51e1439b16d066973f20') in 0.002717 seconds
  Import took 0.004434 seconds .

========================================================================
Received Import Request.
  Time since last request: 3.738754 seconds.
  path: Assets/JSON Bridge/Examples/MakeObjectInfo.cs
  artifactKey: Guid(00a04607b4d1bc348986b9f017c39d25) Importer(815301076,1909f56bfc062723c751e8b465ee728b)
Start importing Assets/JSON Bridge/Examples/MakeObjectInfo.cs using Guid(00a04607b4d1bc348986b9f017c39d25) Importer(815301076,1909f56bfc062723c751e8b465ee728b)  -> (artifact id: '45b194a8cf4bb3bd4773c8f802dc9028') in 0.005988 seconds
  Import took 0.007730 seconds .

========================================================================
Received Import Request.
  Time since last request: 17.505184 seconds.
  path: Assets/Scenes/SolarSystem.unity
  artifactKey: Guid(9fc0d4010bbf28b4594072e72b8655ab) Importer(815301076,1909f56bfc062723c751e8b465ee728b)
Start importing Assets/Scenes/SolarSystem.unity using Guid(9fc0d4010bbf28b4594072e72b8655ab) Importer(815301076,1909f56bfc062723c751e8b465ee728b)  -> (artifact id: '4d3eb1b9d5afab2d9ef14778ed5561a6') in 0.012093 seconds
  Import took 0.013921 seconds .

========================================================================
Received Prepare
Registering precompiled user dll's ...
Registered in 0.001555 seconds.
Begin MonoManager ReloadAssembly
Native extension for Lumin target not found
Native extension for WindowsStandalone target not found
Refreshing native plugins compatible for Editor in 0.41 ms, found 0 plugins.
Preloading 0 native plugins for Editor in 0.00 ms.
Invoked RoslynAnalysisRunner static constructor.
RoslynAnalysisRunner will not be running.
RoslynAnalysisRunner has terminated.
Mono: successfully reloaded assembly
- Completed reload, in  0.629 seconds
Platform modules already initialized, skipping
Refreshing native plugins compatible for Editor in 0.21 ms, found 0 plugins.
Preloading 0 native plugins for Editor in 0.00 ms.
Unloading 1120 Unused Serialized files (Serialized files now loaded: 0)
System memory in use before: 57.2 MB.
System memory in use after: 57.3 MB.

Unloading 7 unused Assets to reduce memory usage. Loaded Objects now: 1580.
Total: 1.679600 ms (FindLiveObjects: 0.125500 ms CreateObjectMapping: 0.041600 ms MarkObjects: 1.460500 ms  DeleteObjects: 0.050800 ms)

========================================================================
Received Import Request.
  Time since last request: 102.109689 seconds.
  path: Assets/JSON Bridge/Examples/Example/Example.json
  artifactKey: Guid(879a4a77642323b4c928ba84b5d8d76d) Importer(815301076,1909f56bfc062723c751e8b465ee728b)
Start importing Assets/JSON Bridge/Examples/Example/Example.json using Guid(879a4a77642323b4c928ba84b5d8d76d) Importer(815301076,1909f56bfc062723c751e8b465ee728b)  -> (artifact id: '88e798b0d7a8af7f941934cfa2a88a8c') in 0.014203 seconds
  Import took 0.015970 seconds .

========================================================================
Received Import Request.
  Time since last request: 0.012569 seconds.
  path: Assets/JSON Bridge/Examples/Example/Example.json
  artifactKey: Guid(879a4a77642323b4c928ba84b5d8d76d) Importer(815301076,1909f56bfc062723c751e8b465ee728b)
Start importing Assets/JSON Bridge/Examples/Example/Example.json using Guid(879a4a77642323b4c928ba84b5d8d76d) Importer(815301076,1909f56bfc062723c751e8b465ee728b)  -> (artifact id: '88e798b0d7a8af7f941934cfa2a88a8c') in 0.003557 seconds
  Import took 0.005985 seconds .

========================================================================
Received Prepare
Registering precompiled user dll's ...
Registered in 0.001779 seconds.
Begin MonoManager ReloadAssembly
Native extension for Lumin target not found
Native extension for WindowsStandalone target not found
Refreshing native plugins compatible for Editor in 0.20 ms, found 0 plugins.
Preloading 0 native plugins for Editor in 0.00 ms.
Invoked RoslynAnalysisRunner static constructor.
RoslynAnalysisRunner will not be running.
RoslynAnalysisRunner has terminated.
Mono: successfully reloaded assembly
- Completed reload, in  0.663 seconds
Platform modules already initialized, skipping
Refreshing native plugins compatible for Editor in 0.20 ms, found 0 plugins.
Preloading 0 native plugins for Editor in 0.00 ms.
Unloading 1120 Unused Serialized files (Serialized files now loaded: 0)
System memory in use before: 57.2 MB.
System memory in use after: 57.3 MB.

Unloading 7 unused Assets to reduce memory usage. Loaded Objects now: 1582.
Total: 1.585200 ms (FindLiveObjects: 0.146100 ms CreateObjectMapping: 0.046700 ms MarkObjects: 1.316900 ms  DeleteObjects: 0.074100 ms)

========================================================================
Received Import Request.
  Time since last request: 711.895562 seconds.
  path: Assets/JSON Bridge/ReadMe.txt
  artifactKey: Guid(470982786a4335943b3cd36f772303fa) Importer(815301076,1909f56bfc062723c751e8b465ee728b)
Start importing Assets/JSON Bridge/ReadMe.txt using Guid(470982786a4335943b3cd36f772303fa) Importer(815301076,1909f56bfc062723c751e8b465ee728b)  -> (artifact id: 'f55b678ae41bbaf68f9604f2f8e1578c') in 0.021292 seconds
  Import took 0.023362 seconds .

========================================================================
Received Prepare
Registering precompiled user dll's ...
Registered in 0.001683 seconds.
Begin MonoManager ReloadAssembly
Native extension for Lumin target not found
Native extension for WindowsStandalone target not found
Refreshing native plugins compatible for Editor in 0.20 ms, found 0 plugins.
Preloading 0 native plugins for Editor in 0.00 ms.
Invoked RoslynAnalysisRunner static constructor.
RoslynAnalysisRunner will not be running.
RoslynAnalysisRunner has terminated.
Mono: successfully reloaded assembly
- Completed reload, in  0.640 seconds
Platform modules already initialized, skipping
Refreshing native plugins compatible for Editor in 0.21 ms, found 0 plugins.
Preloading 0 native plugins for Editor in 0.00 ms.
Unloading 1120 Unused Serialized files (Serialized files now loaded: 0)
System memory in use before: 57.3 MB.
System memory in use after: 57.3 MB.

Unloading 7 unused Assets to reduce memory usage. Loaded Objects now: 1584.
Total: 3.440900 ms (FindLiveObjects: 0.324400 ms CreateObjectMapping: 0.095000 ms MarkObjects: 2.923800 ms  DeleteObjects: 0.093200 ms)

========================================================================
Received Prepare
Registering precompiled user dll's ...
Registered in 0.001486 seconds.
Begin MonoManager ReloadAssembly
Native extension for Lumin target not found
Native extension for WindowsStandalone target not found
Refreshing native plugins compatible for Editor in 0.20 ms, found 0 plugins.
Preloading 0 native plugins for Editor in 0.00 ms.
Invoked RoslynAnalysisRunner static constructor.
RoslynAnalysisRunner will not be running.
RoslynAnalysisRunner has terminated.
Mono: successfully reloaded assembly
- Completed reload, in  0.618 seconds
Platform modules already initialized, skipping
Refreshing native plugins compatible for Editor in 0.19 ms, found 0 plugins.
Preloading 0 native plugins for Editor in 0.00 ms.
Unloading 1120 Unused Serialized files (Serialized files now loaded: 0)
System memory in use before: 57.3 MB.
System memory in use after: 57.3 MB.

Unloading 7 unused Assets to reduce memory usage. Loaded Objects now: 1586.
Total: 1.685700 ms (FindLiveObjects: 0.134800 ms CreateObjectMapping: 0.041100 ms MarkObjects: 1.465100 ms  DeleteObjects: 0.043800 ms)

========================================================================
Received Prepare
Registering precompiled user dll's ...
Registered in 0.001706 seconds.
Begin MonoManager ReloadAssembly
Native extension for Lumin target not found
Native extension for WindowsStandalone target not found
Refreshing native plugins compatible for Editor in 0.20 ms, found 0 plugins.
Preloading 0 native plugins for Editor in 0.00 ms.
Invoked RoslynAnalysisRunner static constructor.
RoslynAnalysisRunner will not be running.
RoslynAnalysisRunner has terminated.
Mono: successfully reloaded assembly
- Completed reload, in  0.629 seconds
Platform modules already initialized, skipping
Refreshing native plugins compatible for Editor in 0.20 ms, found 0 plugins.
Preloading 0 native plugins for Editor in 0.00 ms.
Unloading 1120 Unused Serialized files (Serialized files now loaded: 0)
System memory in use before: 57.3 MB.
System memory in use after: 57.3 MB.

Unloading 7 unused Assets to reduce memory usage. Loaded Objects now: 1588.
Total: 1.652500 ms (FindLiveObjects: 0.223700 ms CreateObjectMapping: 0.044700 ms MarkObjects: 1.299800 ms  DeleteObjects: 0.082700 ms)

========================================================================
Received Prepare
Registering precompiled user dll's ...
Registered in 0.001773 seconds.
Begin MonoManager ReloadAssembly
Native extension for Lumin target not found
Native extension for WindowsStandalone target not found
Refreshing native plugins compatible for Editor in 0.20 ms, found 0 plugins.
Preloading 0 native plugins for Editor in 0.00 ms.
Invoked RoslynAnalysisRunner static constructor.
RoslynAnalysisRunner will not be running.
RoslynAnalysisRunner has terminated.
Mono: successfully reloaded assembly
- Completed reload, in  0.601 seconds
Platform modules already initialized, skipping
Refreshing native plugins compatible for Editor in 0.19 ms, found 0 plugins.
Preloading 0 native plugins for Editor in 0.00 ms.
Unloading 1120 Unused Serialized files (Serialized files now loaded: 0)
System memory in use before: 57.3 MB.
System memory in use after: 57.3 MB.

Unloading 7 unused Assets to reduce memory usage. Loaded Objects now: 1590.
Total: 1.724100 ms (FindLiveObjects: 0.145000 ms CreateObjectMapping: 0.049800 ms MarkObjects: 1.482900 ms  DeleteObjects: 0.045600 ms)

========================================================================
Received Prepare
Registering precompiled user dll's ...
Registered in 0.001671 seconds.
Begin MonoManager ReloadAssembly
Native extension for Lumin target not found
Native extension for WindowsStandalone target not found
Refreshing native plugins compatible for Editor in 0.20 ms, found 0 plugins.
Preloading 0 native plugins for Editor in 0.00 ms.
Invoked RoslynAnalysisRunner static constructor.
RoslynAnalysisRunner will not be running.
RoslynAnalysisRunner has terminated.
Mono: successfully reloaded assembly
- Completed reload, in  0.630 seconds
Platform modules already initialized, skipping
Refreshing native plugins compatible for Editor in 0.21 ms, found 0 plugins.
Preloading 0 native plugins for Editor in 0.00 ms.
Unloading 1120 Unused Serialized files (Serialized files now loaded: 0)
System memory in use before: 57.3 MB.
System memory in use after: 57.3 MB.

Unloading 7 unused Assets to reduce memory usage. Loaded Objects now: 1592.
Total: 1.739400 ms (FindLiveObjects: 0.153300 ms CreateObjectMapping: 0.034700 ms MarkObjects: 1.506900 ms  DeleteObjects: 0.043300 ms)

========================================================================
Received Prepare
Registering precompiled user dll's ...
Registered in 0.001491 seconds.
Begin MonoManager ReloadAssembly
Native extension for Lumin target not found
Native extension for WindowsStandalone target not found
Refreshing native plugins compatible for Editor in 0.21 ms, found 0 plugins.
Preloading 0 native plugins for Editor in 0.00 ms.
Invoked RoslynAnalysisRunner static constructor.
RoslynAnalysisRunner will not be running.
RoslynAnalysisRunner has terminated.
Mono: successfully reloaded assembly
- Completed reload, in  0.632 seconds
Platform modules already initialized, skipping
Refreshing native plugins compatible for Editor in 0.20 ms, found 0 plugins.
Preloading 0 native plugins for Editor in 0.00 ms.
Unloading 1120 Unused Serialized files (Serialized files now loaded: 0)
System memory in use before: 57.3 MB.
System memory in use after: 57.4 MB.

Unloading 7 unused Assets to reduce memory usage. Loaded Objects now: 1594.
Total: 1.819300 ms (FindLiveObjects: 0.147300 ms CreateObjectMapping: 0.045700 ms MarkObjects: 1.557800 ms  DeleteObjects: 0.067500 ms)

========================================================================
Received Import Request.
  Time since last request: 1957.333210 seconds.
  path: Assets/JSON Bridge/TransTest.unity
  artifactKey: Guid(86d049276ad9a1641951baa2e3c67e4e) Importer(815301076,1909f56bfc062723c751e8b465ee728b)
Start importing Assets/JSON Bridge/TransTest.unity using Guid(86d049276ad9a1641951baa2e3c67e4e) Importer(815301076,1909f56bfc062723c751e8b465ee728b)  -> (artifact id: '5670ba347c097470a72a1ad81a1214f8') in 0.017070 seconds
  Import took 0.019107 seconds .

AssetImportWorkerClient::OnTransportError - code=2 error=End of file
